<?xml version="1.0" encoding="UTF-8" ?>
<testsuite errors="0" failures="0" hostname="vmi402294" name="pac1Test.PanierTest" skipped="0" tests="1" time="0.103" timestamp="2020-11-09T14:41:17">
  <properties>
[...]
</properties>
  <testcase classname="pac1Test.PanierTest" name="test" time="0.008" />
  <system-out><![CDATA[Panier 1: 

5
6
France | 0.5
France | 0.6
Espagne | 0.7
Floride | 0.5
USA | 0.8
USA | 0.8

Panier 1: 
France | 0.5
France | 0.6
USA | 0.8
Floride | 0.5
USA | 0.8

]]></system-out>
  <system-err><![CDATA[]]></system-err>
</testsuite>
